0 info it worked if it ends with ok
1 verbose cli [ '/usr/bin/node', '/usr/bin/npm', 'install', 'Herok', 'CLI' ]
2 info using npm@3.5.2
3 info using node@v8.10.0
4 silly loadCurrentTree Starting
5 silly install loadCurrentTree
6 silly install readLocalPackageData
7 silly fetchPackageMetaData Herok
8 silly fetchPackageMetaData CLI
9 silly fetchNamedPackageData Herok
10 silly mapToRegistry name Herok
11 silly mapToRegistry using default registry
12 silly mapToRegistry registry https://registry.npmjs.org/
13 silly mapToRegistry uri https://registry.npmjs.org/Herok
14 silly fetchNamedPackageData CLI
15 silly mapToRegistry name CLI
16 silly mapToRegistry using default registry
17 silly mapToRegistry registry https://registry.npmjs.org/
18 silly mapToRegistry uri https://registry.npmjs.org/CLI
19 verbose request uri https://registry.npmjs.org/Herok
20 verbose request no auth needed
21 info attempt registry request try #1 at 0:26:27
22 verbose request id 875a520b4c09894b
23 http request GET https://registry.npmjs.org/Herok
24 verbose request uri https://registry.npmjs.org/CLI
25 verbose request no auth needed
26 info attempt registry request try #1 at 0:26:27
27 http request GET https://registry.npmjs.org/CLI
28 http 404 https://registry.npmjs.org/CLI
29 verbose headers { date: 'Mon, 20 Apr 2020 07:26:28 GMT',
29 verbose headers   'content-type': 'application/json',
29 verbose headers   'content-length': '21',
29 verbose headers   connection: 'keep-alive',
29 verbose headers   'set-cookie':
29 verbose headers    [ '__cfduid=d20e6f170fe6cefbd4e4e989c6b6856281587367588; expires=Wed, 20-May-20 07:26:28 GMT; path=/; domain=.npmjs.org; HttpOnly; SameSite=Lax' ],
29 verbose headers   'cf-ray': '586d23237fad9545-NRT',
29 verbose headers   age: '19',
29 verbose headers   vary: 'Accept-Encoding',
29 verbose headers   'cf-cache-status': 'HIT',
29 verbose headers   'expect-ct': 'max-age=604800, report-uri="https://report-uri.cloudflare.com/cdn-cgi/beacon/expect-ct"',
29 verbose headers   server: 'cloudflare',
29 verbose headers   'cf-request-id': '0238144a2d0000954555965200000001' }
30 silly get cb [ 404,
30 silly get   { date: 'Mon, 20 Apr 2020 07:26:28 GMT',
30 silly get     'content-type': 'application/json',
30 silly get     'content-length': '21',
30 silly get     connection: 'keep-alive',
30 silly get     'set-cookie':
30 silly get      [ '__cfduid=d20e6f170fe6cefbd4e4e989c6b6856281587367588; expires=Wed, 20-May-20 07:26:28 GMT; path=/; domain=.npmjs.org; HttpOnly; SameSite=Lax' ],
30 silly get     'cf-ray': '586d23237fad9545-NRT',
30 silly get     age: '19',
30 silly get     vary: 'Accept-Encoding',
30 silly get     'cf-cache-status': 'HIT',
30 silly get     'expect-ct': 'max-age=604800, report-uri="https://report-uri.cloudflare.com/cdn-cgi/beacon/expect-ct"',
30 silly get     server: 'cloudflare',
30 silly get     'cf-request-id': '0238144a2d0000954555965200000001' } ]
31 silly fetchPackageMetaData Error: Not found : CLI
31 silly fetchPackageMetaData     at makeError (/usr/share/npm/node_modules/npm-registry-client/lib/request.js:264:12)
31 silly fetchPackageMetaData     at CachingRegistryClient.<anonymous> (/usr/share/npm/node_modules/npm-registry-client/lib/request.js:252:14)
31 silly fetchPackageMetaData     at Request._callback (/usr/share/npm/node_modules/npm-registry-client/lib/request.js:172:14)
31 silly fetchPackageMetaData     at Request.self.callback (/usr/share/npm/node_modules/request/request.js:198:22)
31 silly fetchPackageMetaData     at emitTwo (events.js:126:13)
31 silly fetchPackageMetaData     at Request.emit (events.js:214:7)
31 silly fetchPackageMetaData     at Request.<anonymous> (/usr/share/npm/node_modules/request/request.js:1082:10)
31 silly fetchPackageMetaData     at emitOne (events.js:121:20)
31 silly fetchPackageMetaData     at Request.emit (events.js:211:7)
31 silly fetchPackageMetaData     at IncomingMessage.<anonymous> (/usr/share/npm/node_modules/request/request.js:1009:12)
31 silly fetchPackageMetaData  error for CLI { Error: Not found : CLI
31 silly fetchPackageMetaData     at makeError (/usr/share/npm/node_modules/npm-registry-client/lib/request.js:264:12)
31 silly fetchPackageMetaData     at CachingRegistryClient.<anonymous> (/usr/share/npm/node_modules/npm-registry-client/lib/request.js:252:14)
31 silly fetchPackageMetaData     at Request._callback (/usr/share/npm/node_modules/npm-registry-client/lib/request.js:172:14)
31 silly fetchPackageMetaData     at Request.self.callback (/usr/share/npm/node_modules/request/request.js:198:22)
31 silly fetchPackageMetaData     at emitTwo (events.js:126:13)
31 silly fetchPackageMetaData     at Request.emit (events.js:214:7)
31 silly fetchPackageMetaData     at Request.<anonymous> (/usr/share/npm/node_modules/request/request.js:1082:10)
31 silly fetchPackageMetaData     at emitOne (events.js:121:20)
31 silly fetchPackageMetaData     at Request.emit (events.js:211:7)
31 silly fetchPackageMetaData     at IncomingMessage.<anonymous> (/usr/share/npm/node_modules/request/request.js:1009:12) pkgid: 'CLI', statusCode: 404, code: 'E404' }
32 http 404 https://registry.npmjs.org/Herok
33 verbose headers { date: 'Mon, 20 Apr 2020 07:26:28 GMT',
33 verbose headers   'content-type': 'application/json',
33 verbose headers   'content-length': '21',
33 verbose headers   connection: 'keep-alive',
33 verbose headers   'set-cookie':
33 verbose headers    [ '__cfduid=d62f6de68677e287e7c2242365dbb19be1587367588; expires=Wed, 20-May-20 07:26:28 GMT; path=/; domain=.npmjs.org; HttpOnly; SameSite=Lax' ],
33 verbose headers   'cf-ray': '586d23220a2f9503-NRT',
33 verbose headers   vary: 'Accept-Encoding',
33 verbose headers   'cf-cache-status': 'MISS',
33 verbose headers   'expect-ct': 'max-age=604800, report-uri="https://report-uri.cloudflare.com/cdn-cgi/beacon/expect-ct"',
33 verbose headers   server: 'cloudflare',
33 verbose headers   'cf-request-id': '023814494200009503e530c200000001' }
34 silly get cb [ 404,
34 silly get   { date: 'Mon, 20 Apr 2020 07:26:28 GMT',
34 silly get     'content-type': 'application/json',
34 silly get     'content-length': '21',
34 silly get     connection: 'keep-alive',
34 silly get     'set-cookie':
34 silly get      [ '__cfduid=d62f6de68677e287e7c2242365dbb19be1587367588; expires=Wed, 20-May-20 07:26:28 GMT; path=/; domain=.npmjs.org; HttpOnly; SameSite=Lax' ],
34 silly get     'cf-ray': '586d23220a2f9503-NRT',
34 silly get     vary: 'Accept-Encoding',
34 silly get     'cf-cache-status': 'MISS',
34 silly get     'expect-ct': 'max-age=604800, report-uri="https://report-uri.cloudflare.com/cdn-cgi/beacon/expect-ct"',
34 silly get     server: 'cloudflare',
34 silly get     'cf-request-id': '023814494200009503e530c200000001' } ]
35 silly fetchPackageMetaData Error: Not found : Herok
35 silly fetchPackageMetaData     at makeError (/usr/share/npm/node_modules/npm-registry-client/lib/request.js:264:12)
35 silly fetchPackageMetaData     at CachingRegistryClient.<anonymous> (/usr/share/npm/node_modules/npm-registry-client/lib/request.js:252:14)
35 silly fetchPackageMetaData     at Request._callback (/usr/share/npm/node_modules/npm-registry-client/lib/request.js:172:14)
35 silly fetchPackageMetaData     at Request.self.callback (/usr/share/npm/node_modules/request/request.js:198:22)
35 silly fetchPackageMetaData     at emitTwo (events.js:126:13)
35 silly fetchPackageMetaData     at Request.emit (events.js:214:7)
35 silly fetchPackageMetaData     at Request.<anonymous> (/usr/share/npm/node_modules/request/request.js:1082:10)
35 silly fetchPackageMetaData     at emitOne (events.js:121:20)
35 silly fetchPackageMetaData     at Request.emit (events.js:211:7)
35 silly fetchPackageMetaData     at IncomingMessage.<anonymous> (/usr/share/npm/node_modules/request/request.js:1009:12)
35 silly fetchPackageMetaData  error for Herok { Error: Not found : Herok
35 silly fetchPackageMetaData     at makeError (/usr/share/npm/node_modules/npm-registry-client/lib/request.js:264:12)
35 silly fetchPackageMetaData     at CachingRegistryClient.<anonymous> (/usr/share/npm/node_modules/npm-registry-client/lib/request.js:252:14)
35 silly fetchPackageMetaData     at Request._callback (/usr/share/npm/node_modules/npm-registry-client/lib/request.js:172:14)
35 silly fetchPackageMetaData     at Request.self.callback (/usr/share/npm/node_modules/request/request.js:198:22)
35 silly fetchPackageMetaData     at emitTwo (events.js:126:13)
35 silly fetchPackageMetaData     at Request.emit (events.js:214:7)
35 silly fetchPackageMetaData     at Request.<anonymous> (/usr/share/npm/node_modules/request/request.js:1082:10)
35 silly fetchPackageMetaData     at emitOne (events.js:121:20)
35 silly fetchPackageMetaData     at Request.emit (events.js:211:7)
35 silly fetchPackageMetaData     at IncomingMessage.<anonymous> (/usr/share/npm/node_modules/request/request.js:1009:12) pkgid: 'Herok', statusCode: 404, code: 'E404' }
36 silly rollbackFailedOptional Starting
37 silly rollbackFailedOptional Finishing
38 silly runTopLevelLifecycles Starting
39 silly runTopLevelLifecycles Finishing
40 silly install printInstalled
41 verbose stack Error: Not found : CLI
41 verbose stack     at makeError (/usr/share/npm/node_modules/npm-registry-client/lib/request.js:264:12)
41 verbose stack     at CachingRegistryClient.<anonymous> (/usr/share/npm/node_modules/npm-registry-client/lib/request.js:252:14)
41 verbose stack     at Request._callback (/usr/share/npm/node_modules/npm-registry-client/lib/request.js:172:14)
41 verbose stack     at Request.self.callback (/usr/share/npm/node_modules/request/request.js:198:22)
41 verbose stack     at emitTwo (events.js:126:13)
41 verbose stack     at Request.emit (events.js:214:7)
41 verbose stack     at Request.<anonymous> (/usr/share/npm/node_modules/request/request.js:1082:10)
41 verbose stack     at emitOne (events.js:121:20)
41 verbose stack     at Request.emit (events.js:211:7)
41 verbose stack     at IncomingMessage.<anonymous> (/usr/share/npm/node_modules/request/request.js:1009:12)
42 verbose statusCode 404
43 verbose pkgid CLI
44 verbose cwd /home/hisasu00/Documents/develop/en-pronounciation-checker
45 error Linux 5.3.0-46-generic
46 error argv "/usr/bin/node" "/usr/bin/npm" "install" "Herok" "CLI"
47 error node v8.10.0
48 error npm  v3.5.2
49 error code E404
50 error 404 Not found : CLI
51 error 404
52 error 404 'CLI' is not in the npm registry.
53 error 404 Your package name is not valid, because
54 error 404 1. name can no longer contain capital letters
55 error 404 Note that you can also install from a
56 error 404 tarball, folder, http url, or git url.
57 verbose exit [ 1, true ]
